<?xml version="1.0" encoding="UTF-8"?>
<!-- Generated by org.testng.reporters.JUnitReportReporter -->
<testsuite skipped="0" hostname="DESKTOP-MSQGFI6" name="com.amazonandflipkart.price.comparsion.Assignment1.AmazonAndFlipkartPriceComparisonTestcase" tests="1" failures="0" timestamp="2020-01-12T11:17:36 IST" time="30.836" errors="0">
  <testcase name="priceComparing" time="30.836" classname="com.amazonandflipkart.price.comparsion.Assignment1.AmazonAndFlipkartPriceComparisonTestcase"/>
</testsuite> <!-- com.amazonandflipkart.price.comparsion.Assignment1.AmazonAndFlipkartPriceComparisonTestcase -->
